<?xml version="1.0" encoding="UTF-8"?>
<!-- Generated by org.testng.reporters.JUnitReportReporter -->
<testsuite hostname="HPXclusive-PC" failures="0" tests="1" name="CucumberOptions.TestRunnerTestNg" time="25.985" errors="0" timestamp="2022-08-29T17:13:53 IST" skipped="0">
  <testcase classname="CucumberOptions.TestRunnerTestNg" name="runScenario" time="25.985"/>
  <system-out/>
</testsuite> <!-- CucumberOptions.TestRunnerTestNg -->
